#
# There is insufficient memory for the Java Runtime Environment to continue.
# Native memory allocation (mmap) failed to map 58720256 bytes for Failed to commit area from 0x00000000c9400000 to 0x00000000ccc00000 of length 58720256.
# Possible reasons:
#   The system is out of physical RAM or swap space
#   The process is running with CompressedOops enabled, and the Java Heap may be blocking the growth of the native heap
# Possible solutions:
#   Reduce memory load on the system
#   Increase physical memory or swap space
#   Check if swap backing store is full
#   Decrease Java heap size (-Xmx/-Xms)
#   Decrease number of Java threads
#   Decrease Java thread stack sizes (-Xss)
#   Set larger code cache with -XX:ReservedCodeCacheSize=
# This output file may be truncated or incomplete.
#
#  Out of Memory Error (./src/hotspot/os/windows/os_windows.cpp:3619), pid=8836, tid=13844
#
# JRE version:  (11.0.13) (build )
# Java VM: OpenJDK 64-Bit Server VM (11.0.13+0-b1751.21-8125866, mixed mode, sharing, tiered, compressed oops, g1 gc, windows-amd64)
# No core dump will be written. Minidumps are not enabled by default on client versions of Windows
#

---------------  S U M M A R Y ------------

Command Line: org.jetbrains.kotlin.cli.jvm.K2JVMCompiler @C:\Users\trust\AndroidStudioProjects\Netology_Android_HW_1\app\build\20221109_11738926681296778082.compiler.options

Host: AMD Athlon 300U with Radeon Vega Mobile Gfx    , 4 cores, 3G,  Windows 10 , 64 bit Build 19041 (10.0.19041.1889)
Time: Wed Nov  9 03:45:21 2022 RTZ 2 (зима) elapsed time: 0.019435 seconds (0d 0h 0m 0s)

---------------  T H R E A D  ---------------

Current thread (0x000001e14343e000):  JavaThread "Unknown thread" [_thread_in_vm, id=13844, stack(0x000000b5da700000,0x000000b5da800000)]

Stack: [0x000000b5da700000,0x000000b5da800000]
Native frames: (J=compiled Java code, j=interpreted, Vv=VM code, C=native code)
V  [jvm.dll+0x6100fa]
V  [jvm.dll+0x747090]
V  [jvm.dll+0x7486ad]
V  [jvm.dll+0x748d83]
V  [jvm.dll+0x24ab48]
V  [jvm.dll+0x60d164]
V  [jvm.dll+0x601e75]
V  [jvm.dll+0x308bdb]
V  [jvm.dll+0x308b4a]
V  [jvm.dll+0x308a22]
V  [jvm.dll+0x30d986]
V  [jvm.dll+0x357093]
V  [jvm.dll+0x357796]
V  [jvm.dll+0x357193]
V  [jvm.dll+0x2e3448]
V  [jvm.dll+0x2e45f7]
V  [jvm.dll+0x7242e7]
V  [jvm.dll+0x725adc]
V  [jvm.dll+0x364629]
V  [jvm.dll+0x707cee]
V  [jvm.dll+0x3d2633]
V  [jvm.dll+0x3d4a21]
C  [jli.dll+0x536b]
C  [ucrtbase.dll+0x21bb2]
C  [KERNEL32.DLL+0x17034]
C  [ntdll.dll+0x526a1]


---------------  P R O C E S S  ---------------

Threads class SMR info:
_java_thread_list=0x000001e1411c0dd0, length=0, elements={
}

Java Threads: ( => current thread )

Other Threads:
  0x000001e14129e000 GCTaskThread "GC Thread#0" [stack: 0x000000b5da800000,0x000000b5da900000] [id=7512]
  0x000001e143469800 ConcurrentGCThread "G1 Main Marker" [stack: 0x000000b5da900000,0x000000b5daa00000] [id=7088]
  0x000001e14346b800 ConcurrentGCThread "G1 Conc#0" [stack: 0x000000b5daa00000,0x000000b5dab00000] [id=9444]

[error occurred during error reporting (printing all threads), id 0xc0000005, EXCEPTION_ACCESS_VIOLATION (0xc0000005) at pc=0x00007ffd46563dd7]

VM state:not at safepoint (not fully initialized)

VM Mutex/Monitor currently owned by a thread:  ([mutex/lock_event])
[0x000001e14343a450] Heap_lock - owner thread: 0x000001e14343e000

Heap address: 0x00000000c9400000, size: 876 MB, Compressed Oops mode: Non-zero based: 0x00000000c9400000
Narrow klass base: 0x0000000000000000, Narrow klass shift: 0

GC Heap History (0 events):
No events

Deoptimization events (0 events):
No events

Classes redefined (0 events):
No events

Internal exceptions (0 events):
No events

Events (1 events):
Event: 0.010 Loaded shared library C:\Program Files\Android\Android Studio\jre\bin\zip.dll


Dynamic libraries:
0x00007ff659370000 - 0x00007ff65937a000 	C:\Program Files\Android\Android Studio\jre\bin\java.exe
0x00007ffd9ec10000 - 0x00007ffd9ee08000 	C:\Windows\SYSTEM32\ntdll.dll
0x00007ffd9cec0000 - 0x00007ffd9cf7d000 	C:\Windows\System32\KERNEL32.DLL
0x00007ffd9c990000 - 0x00007ffd9cc62000 	C:\Windows\System32\KERNELBASE.dll
0x00007ffd9c840000 - 0x00007ffd9c940000 	C:\Windows\System32\ucrtbase.dll
0x00007ffd96f40000 - 0x00007ffd96f57000 	C:\Program Files\Android\Android Studio\jre\bin\VCRUNTIME140.dll
0x00007ffd5cf40000 - 0x00007ffd5cf59000 	C:\Program Files\Android\Android Studio\jre\bin\jli.dll
0x00007ffd9e800000 - 0x00007ffd9e99d000 	C:\Windows\System32\USER32.dll
0x00007ffd89e70000 - 0x00007ffd8a10a000 	C:\Windows\WinSxS\amd64_microsoft.windows.common-controls_6595b64144ccf1df_6.0.19041.1110_none_60b5254171f9507e\COMCTL32.dll
0x00007ffd9c7e0000 - 0x00007ffd9c802000 	C:\Windows\System32\win32u.dll
0x00007ffd9e6b0000 - 0x00007ffd9e74e000 	C:\Windows\System32\msvcrt.dll
0x00007ffd9eab0000 - 0x00007ffd9eadb000 	C:\Windows\System32\GDI32.dll
0x00007ffd9c6d0000 - 0x00007ffd9c7df000 	C:\Windows\System32\gdi32full.dll
0x00007ffd9c580000 - 0x00007ffd9c61d000 	C:\Windows\System32\msvcp_win.dll
0x00007ffd9e4d0000 - 0x00007ffd9e500000 	C:\Windows\System32\IMM32.DLL
0x00007ffd5b780000 - 0x00007ffd5b81d000 	C:\Program Files\Android\Android Studio\jre\bin\msvcp140.dll
0x00007ffd46270000 - 0x00007ffd46d72000 	C:\Program Files\Android\Android Studio\jre\bin\server\jvm.dll
0x00007ffd9e750000 - 0x00007ffd9e7fe000 	C:\Windows\System32\ADVAPI32.dll
0x00007ffd9e430000 - 0x00007ffd9e4cc000 	C:\Windows\System32\sechost.dll
0x00007ffd9e300000 - 0x00007ffd9e425000 	C:\Windows\System32\RPCRT4.dll
0x00007ffd9eae0000 - 0x00007ffd9eae8000 	C:\Windows\System32\PSAPI.DLL
0x00007ffd99880000 - 0x00007ffd99889000 	C:\Windows\SYSTEM32\WSOCK32.dll
0x00007ffd9eb00000 - 0x00007ffd9eb6b000 	C:\Windows\System32\WS2_32.dll
0x00007ffd93fb0000 - 0x00007ffd93fba000 	C:\Windows\SYSTEM32\VERSION.dll
0x00007ffd93e70000 - 0x00007ffd93e97000 	C:\Windows\SYSTEM32\WINMM.dll
0x00007ffd9a1e0000 - 0x00007ffd9a1f2000 	C:\Windows\SYSTEM32\kernel.appcore.dll
0x00007ffd81c90000 - 0x00007ffd81ca1000 	C:\Program Files\Android\Android Studio\jre\bin\verify.dll
0x00007ffd89a40000 - 0x00007ffd89c24000 	C:\Windows\SYSTEM32\DBGHELP.DLL
0x00007ffd85690000 - 0x00007ffd856bc000 	C:\Windows\SYSTEM32\dbgcore.DLL
0x00007ffd9c320000 - 0x00007ffd9c3a2000 	C:\Windows\System32\bcryptPrimitives.dll
0x00007ffd7e320000 - 0x00007ffd7e349000 	C:\Program Files\Android\Android Studio\jre\bin\java.dll
0x00007ffd96680000 - 0x00007ffd9668b000 	C:\Program Files\Android\Android Studio\jre\bin\jimage.dll
0x00007ffd7ea90000 - 0x00007ffd7eaa8000 	C:\Program Files\Android\Android Studio\jre\bin\zip.dll

dbghelp: loaded successfully - version: 4.0.5 - missing functions: none
symbol engine: initialized successfully - sym options: 0x614 - pdb path: .;C:\Program Files\Android\Android Studio\jre\bin;C:\Windows\SYSTEM32;C:\Windows\WinSxS\amd64_microsoft.windows.common-controls_6595b64144ccf1df_6.0.19041.1110_none_60b5254171f9507e;C:\Program Files\Android\Android Studio\jre\bin\server

VM Arguments:
java_command: org.jetbrains.kotlin.cli.jvm.K2JVMCompiler @C:\Users\trust\AndroidStudioProjects\Netology_Android_HW_1\app\build\20221109_11738926681296778082.compiler.options
java_class_path (initial): C:\Users\trust\.gradle\caches\modules-2\files-2.1\org.jetbrains.kotlin\kotlin-compiler-embeddable\1.7.20\8db18559a581dd2c36ddfd5046af145650f5b126\kotlin-compiler-embeddable-1.7.20.jar;C:\Users\trust\.gradle\caches\modules-2\files-2.1\org.jetbrains.kotlin\kotlin-reflect\1.7.20\12b2501e33bb6373e8e347c86d85481863629381\kotlin-reflect-1.7.20.jar;C:\Users\trust\.gradle\caches\modules-2\files-2.1\org.jetbrains.kotlin\kotlin-stdlib\1.7.20\726594ea9ba2beb2ee113647fefa9a10f9fabe52\kotlin-stdlib-1.7.20.jar;C:\Users\trust\.gradle\caches\modules-2\files-2.1\org.jetbrains.kotlin\kotlin-script-runtime\1.7.20\bcd1cc6f865e632550357fcc59f5ffd532615a8\kotlin-script-runtime-1.7.20.jar;C:\Users\trust\.gradle\caches\modules-2\files-2.1\org.jetbrains.kotlin\kotlin-daemon-embeddable\1.7.20\1e24355adad8d529d75d5b19eab55484057431ba\kotlin-daemon-embeddable-1.7.20.jar;C:\Users\trust\.gradle\caches\modules-2\files-2.1\org.jetbrains.intellij.deps\trove4j\1.0.20200330\3afb14d5f9ceb459d724e907a21145e8ff394f02\trove4j-1.0.20200330.jar;C:\Users\trust\.gradle\caches\modules-2\files-2.1\net.java.dev.jna\jna\5.6.0\330f2244e9030119ab3030fc3fededc86713d9cc\jna-5.6.0.jar;C:\Users\trust\.gradle\caches\modules-2\files-2.1\org.jetbrains.kotlin\kotlin-stdlib-common\1.7.20\e15351bdaf9fa06f009be5da7a202e4184f00ae3\kotlin-stdlib-common-1.7.20.jar;C:\Users\trust\.gradle\caches\modules-2\files-2.1\org.jetbrains\annotations\13.0\919f0dfe192fb4e063e7dacadee7f8bb9a2672a9\annotations-13.0.jar
Launcher Type: SUN_STANDARD

[Global flags]
     intx CICompilerCount                          = 3                                         {product} {ergonomic}
     uint ConcGCThreads                            = 1                                         {product} {ergonomic}
     uint G1ConcRefinementThreads                  = 4                                         {product} {ergonomic}
   size_t G1HeapRegionSize                         = 1048576                                   {product} {ergonomic}
    uintx GCDrainStackTargetSize                   = 64                                        {product} {ergonomic}
   size_t InitialHeapSize                          = 58720256                                  {product} {ergonomic}
   size_t MarkStackSize                            = 4194304                                   {product} {ergonomic}
   size_t MaxHeapSize                              = 918552576                                 {product} {ergonomic}
   size_t MinHeapDeltaBytes                        = 1048576                                   {product} {ergonomic}
    uintx NonNMethodCodeHeapSize                   = 5830732                                {pd product} {ergonomic}
    uintx NonProfiledCodeHeapSize                  = 122913754                              {pd product} {ergonomic}
    uintx ProfiledCodeHeapSize                     = 122913754                              {pd product} {ergonomic}
    uintx ReservedCodeCacheSize                    = 251658240                              {pd product} {ergonomic}
     bool SegmentedCodeCache                       = true                                      {product} {ergonomic}
     bool UseCompressedClassPointers               = true                                 {lp64_product} {ergonomic}
     bool UseCompressedOops                        = true                                 {lp64_product} {ergonomic}
     bool UseG1GC                                  = true                                      {product} {ergonomic}
     bool UseLargePagesIndividualAllocation        = false                                  {pd product} {ergonomic}

Logging:
Log output configuration:
 #0: stdout all=warning uptime,level,tags
 #1: stderr all=off uptime,level,tags

Environment Variables:
PATH=C:\Windows\system32;C:\Windows;C:\Windows\System32\Wbem;C:\Windows\System32\WindowsPowerShell\v1.0\;C:\Windows\System32\OpenSSH\;C:\Program Files\Git\cmd;C:\Users\trust\AppData\Local\Microsoft\WindowsApps;C:\Gradle\gradle-6.9.3\bin;
USERNAME=trust
OS=Windows_NT
PROCESSOR_IDENTIFIER=AMD64 Family 23 Model 24 Stepping 1, AuthenticAMD



---------------  S Y S T E M  ---------------

OS: Windows 10 , 64 bit Build 19041 (10.0.19041.1889)
OS uptime: 14 days 10:16 hours

CPU:total 4 (initial active 4) (4 cores per cpu, 2 threads per core) family 23 model 24 stepping 1 microcode 0x0, cmov, cx8, fxsr, mmx, sse, sse2, sse3, ssse3, sse4.1, sse4.2, popcnt, avx, avx2, aes, clmul, mmxext, 3dnowpref, lzcnt, sse4a, ht, tsc, tscinvbit, tscinv, bmi1, bmi2, adx, sha, fma

Memory: 4k page, system-wide physical 3500M (99M free)
TotalPageFile size 14250M (AvailPageFile size 50M)
current process WorkingSet (physical memory assigned to process): 9M, peak: 9M
current process commit charge ("private bytes"): 51M, peak: 107M

vm_info: OpenJDK 64-Bit Server VM (11.0.13+0-b1751.21-8125866) for windows-amd64 JRE (11.0.13+0-b1751.21-8125866), built on Feb  2 2022 03:00:22 by "builder" with MS VC++ 14.0 (VS2015)

END.
